<?xml version="1.0" encoding="UTF-8"?>
<!-- Generated by org.testng.reporters.JUnitReportReporter -->
<testsuite hostname="megha-PC" name="selenium.HowleySite" tests="2" failures="0" timestamp="27 Aug 2015 05:29:50 GMT" time="9.594" errors="0">
  <testcase name="icecreamVideo" time="1.662" classname="selenium.HowleySite"/>
  <testcase name="loadPage" time="7.932" classname="selenium.HowleySite"/>
</testsuite> <!-- selenium.HowleySite -->
