<?xml version="1.0" encoding="UTF-8"?>
<!-- Generated by org.testng.reporters.JUnitReportReporter -->
<testsuite hostname="megha-PC" name="selenium.Howley" tests="1" failures="0" timestamp="23 Jun 2015 19:05:11 GMT" time="4.826" errors="0">
  <testcase name="login" time="4.826" classname="selenium.Howley"/>
</testsuite> <!-- selenium.Howley -->
