<?xml version="1.0" encoding="UTF-8"?>
<!-- Generated by org.testng.reporters.JUnitReportReporter -->
<testsuite hostname="megha-PC" name="selenium.HowleyProfile" tests="1" failures="0" timestamp="27 Aug 2015 05:27:36 GMT" time="7.656" errors="0">
  <testcase name="loadPage" time="7.656" classname="selenium.HowleyProfile"/>
</testsuite> <!-- selenium.HowleyProfile -->
