<?xml version="1.0" encoding="UTF-8"?>
<!-- Generated by org.testng.reporters.JUnitReportReporter -->
<testsuite hostname="megha-PC" name="selenium.HowleyPage" tests="1" failures="0" timestamp="21 Jun 2015 00:30:38 GMT" time="0.009" errors="0">
  <testcase name="m" time="0.009" classname="selenium.HowleyPage"/>
</testsuite> <!-- selenium.HowleyPage -->
